[2021-12-08 18:48:54 : INFO] - Re_Smush_It_Task server status: Online 
[2021-12-08 18:48:57 : INFO] - 
 
[2021-12-08 18:48:57 : INFO] - Header for logs at time:  Wed, 08 Dec 2021 18:48:57 +0000 on https://trabajosjovenes.cl 
[2021-12-08 18:48:57 : INFO] - WP: 5.8 
[2021-12-08 18:48:57 : INFO] - PHP: 7.4.25 (apache2handler, Linux production-trabajos-jovenes-vm 4.19.0-18-cloud-amd64 #1 SMP Debian 4.19.208-1 (2021-09-29) x86_64) 
[2021-12-08 18:48:57 : INFO] - MySQL: 5.7.36 
[2021-12-08 18:48:57 : INFO] - WPLANG: es_ES 
[2021-12-08 18:48:57 : INFO] - Server: Apache 
[2021-12-08 18:48:57 : INFO] - Outbound connections: N 
[2021-12-08 18:48:57 : INFO] - safe_mode: 0 
[2021-12-08 18:48:57 : INFO] - max_execution_time: 120 
[2021-12-08 18:48:57 : INFO] - memory_limit: 256M (used: 29.8M | 14M) 
[2021-12-08 18:48:57 : INFO] - multisite: N 
[2021-12-08 18:48:57 : INFO] - openssl: OpenSSL 1.1.1d  10 Sep 2019 
[2021-12-08 18:49:17 : INFO] - A total of 499 tasks of type smush found and will be processed in this iteration 
[2021-12-08 18:49:17 : DEBUG] - Lock option (updraft_lock_smush, wp1i_options) was created in the database 
[2021-12-08 18:49:17 : INFO] - Lock (updraft_lock_smush, wp1i_options) acquired after initialising the database 
[2021-12-08 18:49:17 : INFO] - Processing task with ID : 1, and type 'smush' 
[2021-12-08 18:49:17 : INFO] - Re_Smush_It_Task - Attachment ID : 7462, Started on : December 08, 2021 06:48:57 
[2021-12-08 18:49:17 : INFO] - 75 
[2021-12-08 18:49:25 : INFO] - Backing up the original image - job-manager-uploads/header_image/2021/06/Todo-Clean-foto-updraft-pre-smush-original.jpg 
[2021-12-08 18:49:25 : INFO] - Re_Smush_It_Task - Attachment ID : 7462, Started on : December 08, 2021 06:48:57 
[2021-12-08 18:49:25 : INFO] - 75 
[2021-12-08 18:49:26 : INFO] - Successfully optimized the image - /var/www/html/wp-content/uploads/job-manager-uploads/header_image/2021/06/Todo-Clean-foto.jpg.El archivo ha sido comprimido de 6.48 KB a 5.82 KB ahorrando un 10.22 por ciento utilizando WP-Optimize 
[2021-12-08 18:49:26 : INFO] - Completed processing task with ID : 1, and type 'smush' 
[2021-12-08 18:49:26 : INFO] - Processing task with ID : 2, and type 'smush' 
[2021-12-08 18:49:26 : INFO] - Re_Smush_It_Task - Attachment ID : 7468, Started on : December 08, 2021 06:48:57 
[2021-12-08 18:49:26 : INFO] - 75 
[2021-12-08 18:49:30 : INFO] - Backing up the original image - 2021/06/Screenshot_20210610-121537_Facebook-updraft-pre-smush-original.jpg 
[2021-12-08 18:49:30 : INFO] - Re_Smush_It_Task - Attachment ID : 7468, Started on : December 08, 2021 06:48:57 
[2021-12-08 18:49:30 : INFO] - 75 
[2021-12-08 18:49:35 : INFO] - Re_Smush_It_Task - Attachment ID : 7468, Started on : December 08, 2021 06:48:57 
[2021-12-08 18:49:35 : INFO] - 75 
[2021-12-08 18:49:38 : INFO] - Re_Smush_It_Task - Attachment ID : 7468, Started on : December 08, 2021 06:48:57 
[2021-12-08 18:49:38 : INFO] - 75 
[2021-12-08 18:49:39 : INFO] - Re_Smush_It_Task - Attachment ID : 7468, Started on : December 08, 2021 06:48:57 
[2021-12-08 18:49:39 : INFO] - 75 
[2021-12-08 18:49:43 : INFO] - Re_Smush_It_Task - Attachment ID : 7468, Started on : December 08, 2021 06:48:57 
[2021-12-08 18:49:43 : INFO] - 75 
[2021-12-08 18:49:51 : INFO] - Re_Smush_It_Task - Attachment ID : 7468, Started on : December 08, 2021 06:48:57 
[2021-12-08 18:49:51 : INFO] - 100 
[2021-12-08 18:49:53 : INFO] - Successfully optimized the image - .El archivo se comprimió a N/D usando WP-Optimize 
[2021-12-08 18:49:53 : INFO] - Completed processing task with ID : 2, and type 'smush' 
[2021-12-08 18:49:53 : INFO] - The task with id : 3, and type 'smush' seems to have been deleted from the database. 
[2021-12-08 18:49:53 : INFO] - The task with id : 4, and type 'smush' seems to have been deleted from the database. 
[2021-12-08 18:49:53 : INFO] - The task with id : 5, and type 'smush' seems to have been deleted from the database. 
[2021-12-08 18:49:53 : INFO] - The task with id : 6, and type 'smush' seems to have been deleted from the database. 
[2021-12-08 18:49:53 : INFO] - The task with id : 7, and type 'smush' seems to have been deleted from the database. 
[2021-12-08 18:49:53 : INFO] - The task with id : 8, and type 'smush' seems to have been deleted from the database. 
[2021-12-08 18:49:53 : INFO] - The task with id : 9, and type 'smush' seems to have been deleted from the database. 
[2021-12-08 18:49:53 : INFO] - The task with id : 10, and type 'smush' seems to have been deleted from the database. 
[2021-12-08 18:49:53 : INFO] - The task with id : 11, and type 'smush' seems to have been deleted from the database. 
[2021-12-08 18:49:53 : INFO] - The task with id : 12, and type 'smush' seems to have been deleted from the database. 
[2021-12-08 18:49:53 : INFO] - The task with id : 13, and type 'smush' seems to have been deleted from the database. 
[2021-12-08 18:49:53 : INFO] - The task with id : 14, and type 'smush' seems to have been deleted from the database. 
[2021-12-08 18:49:53 : INFO] - The task with id : 15, and type 'smush' seems to have been deleted from the database. 
[2021-12-08 18:49:53 : INFO] - The task with id : 16, and type 'smush' seems to have been deleted from the database. 
[2021-12-08 18:49:53 : INFO] - The task with id : 17, and type 'smush' seems to have been deleted from the database. 
[2021-12-08 18:49:53 : INFO] - The task with id : 18, and type 'smush' seems to have been deleted from the database. 
[2021-12-08 18:49:53 : INFO] - The task with id : 19, and type 'smush' seems to have been deleted from the database. 
[2021-12-08 18:49:53 : INFO] - The task with id : 20, and type 'smush' seems to have been deleted from the database. 
[2021-12-08 18:49:53 : INFO] - The task with id : 21, and type 'smush' seems to have been deleted from the database. 
[2021-12-08 18:49:53 : INFO] - The task with id : 22, and type 'smush' seems to have been deleted from the database. 
[2021-12-08 18:49:53 : INFO] - The task with id : 23, and type 'smush' seems to have been deleted from the database. 
[2021-12-08 18:49:53 : INFO] - The task with id : 24, and type 'smush' seems to have been deleted from the database. 
[2021-12-08 18:49:53 : INFO] - The task with id : 25, and type 'smush' seems to have been deleted from the database. 
[2021-12-08 18:49:53 : INFO] - The task with id : 26, and type 'smush' seems to have been deleted from the database. 
[2021-12-08 18:49:53 : INFO] - The task with id : 27, and type 'smush' seems to have been deleted from the database. 
[2021-12-08 18:49:53 : INFO] - The task with id : 28, and type 'smush' seems to have been deleted from the database. 
[2021-12-08 18:49:53 : INFO] - The task with id : 29, and type 'smush' seems to have been deleted from the database. 
[2021-12-08 18:49:53 : INFO] - The task with id : 30, and type 'smush' seems to have been deleted from the database. 
[2021-12-08 18:49:53 : INFO] - The task with id : 31, and type 'smush' seems to have been deleted from the database. 
[2021-12-08 18:49:53 : INFO] - The task with id : 32, and type 'smush' seems to have been deleted from the database. 
[2021-12-08 18:49:53 : INFO] - The task with id : 33, and type 'smush' seems to have been deleted from the database. 
[2021-12-08 18:49:53 : INFO] - The task with id : 34, and type 'smush' seems to have been deleted from the database. 
[2021-12-08 18:49:53 : INFO] - The task with id : 35, and type 'smush' seems to have been deleted from the database. 
[2021-12-08 18:49:53 : INFO] - The task with id : 36, and type 'smush' seems to have been deleted from the database. 
[2021-12-08 18:49:53 : INFO] - The task with id : 37, and type 'smush' seems to have been deleted from the database. 
[2021-12-08 18:49:53 : INFO] - The task with id : 38, and type 'smush' seems to have been deleted from the database. 
[2021-12-08 18:49:53 : INFO] - The task with id : 39, and type 'smush' seems to have been deleted from the database. 
[2021-12-08 18:49:53 : INFO] - The task with id : 40, and type 'smush' seems to have been deleted from the database. 
[2021-12-08 18:49:53 : INFO] - The task with id : 41, and type 'smush' seems to have been deleted from the database. 
[2021-12-08 18:49:53 : INFO] - The task with id : 42, and type 'smush' seems to have been deleted from the database. 
[2021-12-08 18:49:53 : INFO] - The task with id : 43, and type 'smush' seems to have been deleted from the database. 
[2021-12-08 18:49:53 : INFO] - The task with id : 44, and type 'smush' seems to have been deleted from the database. 
[2021-12-08 18:49:53 : INFO] - The task with id : 45, and type 'smush' seems to have been deleted from the database. 
[2021-12-08 18:49:53 : INFO] - The task with id : 46, and type 'smush' seems to have been deleted from the database. 
[2021-12-08 18:49:53 : INFO] - The task with id : 47, and type 'smush' seems to have been deleted from the database. 
[2021-12-08 18:49:53 : INFO] - The task with id : 48, and type 'smush' seems to have been deleted from the database. 
[2021-12-08 18:49:53 : INFO] - The task with id : 49, and type 'smush' seems to have been deleted from the database. 
[2021-12-08 18:49:53 : INFO] - The task with id : 50, and type 'smush' seems to have been deleted from the database. 
[2021-12-08 18:49:53 : INFO] - The task with id : 51, and type 'smush' seems to have been deleted from the database. 
[2021-12-08 18:49:53 : INFO] - The task with id : 52, and type 'smush' seems to have been deleted from the database. 
[2021-12-08 18:49:53 : INFO] - The task with id : 53, and type 'smush' seems to have been deleted from the database. 
[2021-12-08 18:49:53 : INFO] - The task with id : 54, and type 'smush' seems to have been deleted from the database. 
[2021-12-08 18:49:53 : INFO] - The task with id : 55, and type 'smush' seems to have been deleted from the database. 
[2021-12-08 18:49:53 : INFO] - The task with id : 56, and type 'smush' seems to have been deleted from the database. 
[2021-12-08 18:49:53 : INFO] - The task with id : 57, and type 'smush' seems to have been deleted from the database. 
[2021-12-08 18:49:53 : INFO] - The task with id : 58, and type 'smush' seems to have been deleted from the database. 
[2021-12-08 18:49:53 : INFO] - The task with id : 59, and type 'smush' seems to have been deleted from the database. 
[2021-12-08 18:49:53 : INFO] - The task with id : 60, and type 'smush' seems to have been deleted from the database. 
[2021-12-08 18:49:53 : INFO] - The task with id : 61, and type 'smush' seems to have been deleted from the database. 
[2021-12-08 18:49:53 : INFO] - The task with id : 62, and type 'smush' seems to have been deleted from the database. 
[2021-12-08 18:49:53 : INFO] - The task with id : 63, and type 'smush' seems to have been deleted from the database. 
[2021-12-08 18:49:53 : INFO] - The task with id : 64, and type 'smush' seems to have been deleted from the database. 
[2021-12-08 18:49:53 : INFO] - The task with id : 65, and type 'smush' seems to have been deleted from the database. 
[2021-12-08 18:49:53 : INFO] - The task with id : 66, and type 'smush' seems to have been deleted from the database. 
[2021-12-08 18:49:53 : INFO] - The task with id : 67, and type 'smush' seems to have been deleted from the database. 
[2021-12-08 18:49:53 : INFO] - The task with id : 68, and type 'smush' seems to have been deleted from the database. 
[2021-12-08 18:49:53 : INFO] - The task with id : 69, and type 'smush' seems to have been deleted from the database. 
[2021-12-08 18:49:53 : INFO] - The task with id : 70, and type 'smush' seems to have been deleted from the database. 
[2021-12-08 18:49:53 : INFO] - The task with id : 71, and type 'smush' seems to have been deleted from the database. 
[2021-12-08 18:49:53 : INFO] - The task with id : 72, and type 'smush' seems to have been deleted from the database. 
[2021-12-08 18:49:53 : INFO] - The task with id : 73, and type 'smush' seems to have been deleted from the database. 
[2021-12-08 18:49:53 : INFO] - The task with id : 74, and type 'smush' seems to have been deleted from the database. 
[2021-12-08 18:49:53 : INFO] - The task with id : 75, and type 'smush' seems to have been deleted from the database. 
[2021-12-08 18:49:53 : INFO] - The task with id : 76, and type 'smush' seems to have been deleted from the database. 
[2021-12-08 18:49:53 : INFO] - The task with id : 77, and type 'smush' seems to have been deleted from the database. 
[2021-12-08 18:49:53 : INFO] - The task with id : 78, and type 'smush' seems to have been deleted from the database. 
[2021-12-08 18:49:53 : INFO] - The task with id : 79, and type 'smush' seems to have been deleted from the database. 
[2021-12-08 18:49:53 : INFO] - The task with id : 80, and type 'smush' seems to have been deleted from the database. 
[2021-12-08 18:49:53 : INFO] - The task with id : 81, and type 'smush' seems to have been deleted from the database. 
[2021-12-08 18:49:53 : INFO] - The task with id : 82, and type 'smush' seems to have been deleted from the database. 
[2021-12-08 18:49:53 : INFO] - The task with id : 83, and type 'smush' seems to have been deleted from the database. 
[2021-12-08 18:49:53 : INFO] - The task with id : 84, and type 'smush' seems to have been deleted from the database. 
[2021-12-08 18:49:53 : INFO] - The task with id : 85, and type 'smush' seems to have been deleted from the database. 
[2021-12-08 18:49:53 : INFO] - The task with id : 86, and type 'smush' seems to have been deleted from the database. 
[2021-12-08 18:49:53 : INFO] - The task with id : 87, and type 'smush' seems to have been deleted from the database. 
[2021-12-08 18:49:53 : INFO] - The task with id : 88, and type 'smush' seems to have been deleted from the database. 
[2021-12-08 18:49:53 : INFO] - The task with id : 89, and type 'smush' seems to have been deleted from the database. 
[2021-12-08 18:49:53 : INFO] - The task with id : 90, and type 'smush' seems to have been deleted from the database. 
[2021-12-08 18:49:53 : INFO] - The task with id : 91, and type 'smush' seems to have been deleted from the database. 
[2021-12-08 18:49:53 : INFO] - The task with id : 92, and type 'smush' seems to have been deleted from the database. 
[2021-12-08 18:49:53 : INFO] - The task with id : 93, and type 'smush' seems to have been deleted from the database. 
[2021-12-08 18:49:53 : INFO] - The task with id : 94, and type 'smush' seems to have been deleted from the database. 
[2021-12-08 18:49:53 : INFO] - The task with id : 95, and type 'smush' seems to have been deleted from the database. 
[2021-12-08 18:49:53 : INFO] - The task with id : 96, and type 'smush' seems to have been deleted from the database. 
[2021-12-08 18:49:53 : INFO] - The task with id : 97, and type 'smush' seems to have been deleted from the database. 
[2021-12-08 18:49:53 : INFO] - The task with id : 98, and type 'smush' seems to have been deleted from the database. 
[2021-12-08 18:49:53 : INFO] - The task with id : 99, and type 'smush' seems to have been deleted from the database. 
[2021-12-08 18:49:53 : INFO] - The task with id : 100, and type 'smush' seems to have been deleted from the database. 
[2021-12-08 18:49:53 : INFO] - The task with id : 101, and type 'smush' seems to have been deleted from the database. 
[2021-12-08 18:49:53 : INFO] - The task with id : 102, and type 'smush' seems to have been deleted from the database. 
[2021-12-08 18:49:53 : INFO] - The task with id : 103, and type 'smush' seems to have been deleted from the database. 
[2021-12-08 18:49:53 : INFO] - The task with id : 104, and type 'smush' seems to have been deleted from the database. 
[2021-12-08 18:49:53 : INFO] - The task with id : 105, and type 'smush' seems to have been deleted from the database. 
[2021-12-08 18:49:53 : INFO] - The task with id : 106, and type 'smush' seems to have been deleted from the database. 
[2021-12-08 18:49:53 : INFO] - The task with id : 107, and type 'smush' seems to have been deleted from the database. 
[2021-12-08 18:49:53 : INFO] - The task with id : 108, and type 'smush' seems to have been deleted from the database. 
[2021-12-08 18:49:53 : INFO] - The task with id : 109, and type 'smush' seems to have been deleted from the database. 
[2021-12-08 18:49:53 : INFO] - The task with id : 110, and type 'smush' seems to have been deleted from the database. 
[2021-12-08 18:49:53 : INFO] - The task with id : 111, and type 'smush' seems to have been deleted from the database. 
[2021-12-08 18:49:53 : INFO] - The task with id : 112, and type 'smush' seems to have been deleted from the database. 
[2021-12-08 18:49:53 : INFO] - The task with id : 113, and type 'smush' seems to have been deleted from the database. 
[2021-12-08 18:49:53 : INFO] - The task with id : 114, and type 'smush' seems to have been deleted from the database. 
[2021-12-08 18:49:53 : INFO] - The task with id : 115, and type 'smush' seems to have been deleted from the database. 
[2021-12-08 18:49:53 : INFO] - The task with id : 116, and type 'smush' seems to have been deleted from the database. 
[2021-12-08 18:49:53 : INFO] - The task with id : 117, and type 'smush' seems to have been deleted from the database. 
[2021-12-08 18:49:53 : INFO] - The task with id : 118, and type 'smush' seems to have been deleted from the database. 
[2021-12-08 18:49:53 : INFO] - The task with id : 119, and type 'smush' seems to have been deleted from the database. 
[2021-12-08 18:49:53 : INFO] - The task with id : 120, and type 'smush' seems to have been deleted from the database. 
[2021-12-08 18:49:53 : INFO] - The task with id : 121, and type 'smush' seems to have been deleted from the database. 
[2021-12-08 18:49:53 : INFO] - The task with id : 122, and type 'smush' seems to have been deleted from the database. 
[2021-12-08 18:49:53 : INFO] - The task with id : 123, and type 'smush' seems to have been deleted from the database. 
[2021-12-08 18:49:53 : INFO] - The task with id : 124, and type 'smush' seems to have been deleted from the database. 
[2021-12-08 18:49:53 : INFO] - The task with id : 125, and type 'smush' seems to have been deleted from the database. 
[2021-12-08 18:49:53 : INFO] - The task with id : 126, and type 'smush' seems to have been deleted from the database. 
[2021-12-08 18:49:53 : INFO] - The task with id : 127, and type 'smush' seems to have been deleted from the database. 
[2021-12-08 18:49:53 : INFO] - The task with id : 128, and type 'smush' seems to have been deleted from the database. 
[2021-12-08 18:49:53 : INFO] - The task with id : 129, and type 'smush' seems to have been deleted from the database. 
[2021-12-08 18:49:53 : INFO] - The task with id : 130, and type 'smush' seems to have been deleted from the database. 
[2021-12-08 18:49:53 : INFO] - The task with id : 131, and type 'smush' seems to have been deleted from the database. 
[2021-12-08 18:49:53 : INFO] - The task with id : 132, and type 'smush' seems to have been deleted from the database. 
[2021-12-08 18:49:53 : INFO] - The task with id : 133, and type 'smush' seems to have been deleted from the database. 
[2021-12-08 18:49:53 : INFO] - The task with id : 134, and type 'smush' seems to have been deleted from the database. 
[2021-12-08 18:49:53 : INFO] - The task with id : 135, and type 'smush' seems to have been deleted from the database. 
[2021-12-08 18:49:53 : INFO] - The task with id : 136, and type 'smush' seems to have been deleted from the database. 
[2021-12-08 18:49:53 : INFO] - The task with id : 137, and type 'smush' seems to have been deleted from the database. 
[2021-12-08 18:49:53 : INFO] - The task with id : 138, and type 'smush' seems to have been deleted from the database. 
[2021-12-08 18:49:53 : INFO] - The task with id : 139, and type 'smush' seems to have been deleted from the database. 
[2021-12-08 18:49:53 : INFO] - The task with id : 140, and type 'smush' seems to have been deleted from the database. 
[2021-12-08 18:49:53 : INFO] - The task with id : 141, and type 'smush' seems to have been deleted from the database. 
[2021-12-08 18:49:53 : INFO] - The task with id : 142, and type 'smush' seems to have been deleted from the database. 
[2021-12-08 18:49:53 : INFO] - The task with id : 143, and type 'smush' seems to have been deleted from the database. 
[2021-12-08 18:49:53 : INFO] - The task with id : 144, and type 'smush' seems to have been deleted from the database. 
[2021-12-08 18:49:53 : INFO] - The task with id : 145, and type 'smush' seems to have been deleted from the database. 
[2021-12-08 18:49:53 : INFO] - The task with id : 146, and type 'smush' seems to have been deleted from the database. 
[2021-12-08 18:49:53 : INFO] - The task with id : 147, and type 'smush' seems to have been deleted from the database. 
[2021-12-08 18:49:53 : INFO] - The task with id : 148, and type 'smush' seems to have been deleted from the database. 
[2021-12-08 18:49:53 : INFO] - The task with id : 149, and type 'smush' seems to have been deleted from the database. 
[2021-12-08 18:49:53 : INFO] - The task with id : 150, and type 'smush' seems to have been deleted from the database. 
[2021-12-08 18:49:53 : INFO] - The task with id : 151, and type 'smush' seems to have been deleted from the database. 
[2021-12-08 18:49:53 : INFO] - The task with id : 152, and type 'smush' seems to have been deleted from the database. 
[2021-12-08 18:49:53 : INFO] - The task with id : 153, and type 'smush' seems to have been deleted from the database. 
[2021-12-08 18:49:53 : INFO] - The task with id : 154, and type 'smush' seems to have been deleted from the database. 
[2021-12-08 18:49:53 : INFO] - The task with id : 155, and type 'smush' seems to have been deleted from the database. 
[2021-12-08 18:49:53 : INFO] - The task with id : 156, and type 'smush' seems to have been deleted from the database. 
[2021-12-08 18:49:53 : INFO] - The task with id : 157, and type 'smush' seems to have been deleted from the database. 
[2021-12-08 18:49:53 : INFO] - The task with id : 158, and type 'smush' seems to have been deleted from the database. 
[2021-12-08 18:49:53 : INFO] - The task with id : 159, and type 'smush' seems to have been deleted from the database. 
[2021-12-08 18:49:53 : INFO] - The task with id : 160, and type 'smush' seems to have been deleted from the database. 
[2021-12-08 18:49:53 : INFO] - The task with id : 161, and type 'smush' seems to have been deleted from the database. 
[2021-12-08 18:49:53 : INFO] - The task with id : 162, and type 'smush' seems to have been deleted from the database. 
[2021-12-08 18:49:53 : INFO] - The task with id : 163, and type 'smush' seems to have been deleted from the database. 
[2021-12-08 18:49:53 : INFO] - The task with id : 164, and type 'smush' seems to have been deleted from the database. 
[2021-12-08 18:49:53 : INFO] - The task with id : 165, and type 'smush' seems to have been deleted from the database. 
[2021-12-08 18:49:53 : INFO] - The task with id : 166, and type 'smush' seems to have been deleted from the database. 
[2021-12-08 18:49:53 : INFO] - The task with id : 167, and type 'smush' seems to have been deleted from the database. 
[2021-12-08 18:49:53 : INFO] - The task with id : 168, and type 'smush' seems to have been deleted from the database. 
[2021-12-08 18:49:53 : INFO] - The task with id : 169, and type 'smush' seems to have been deleted from the database. 
[2021-12-08 18:49:53 : INFO] - The task with id : 170, and type 'smush' seems to have been deleted from the database. 
[2021-12-08 18:49:53 : INFO] - The task with id : 171, and type 'smush' seems to have been deleted from the database. 
[2021-12-08 18:49:53 : INFO] - The task with id : 172, and type 'smush' seems to have been deleted from the database. 
[2021-12-08 18:49:53 : INFO] - The task with id : 173, and type 'smush' seems to have been deleted from the database. 
[2021-12-08 18:49:53 : INFO] - The task with id : 174, and type 'smush' seems to have been deleted from the database. 
[2021-12-08 18:49:53 : INFO] - The task with id : 175, and type 'smush' seems to have been deleted from the database. 
[2021-12-08 18:49:53 : INFO] - The task with id : 176, and type 'smush' seems to have been deleted from the database. 
[2021-12-08 18:49:53 : INFO] - The task with id : 177, and type 'smush' seems to have been deleted from the database. 
[2021-12-08 18:49:53 : INFO] - The task with id : 178, and type 'smush' seems to have been deleted from the database. 
[2021-12-08 18:49:53 : INFO] - The task with id : 179, and type 'smush' seems to have been deleted from the database. 
[2021-12-08 18:49:53 : INFO] - The task with id : 180, and type 'smush' seems to have been deleted from the database. 
[2021-12-08 18:49:53 : INFO] - The task with id : 181, and type 'smush' seems to have been deleted from the database. 
[2021-12-08 18:49:53 : INFO] - The task with id : 182, and type 'smush' seems to have been deleted from the database. 
[2021-12-08 18:49:53 : INFO] - The task with id : 183, and type 'smush' seems to have been deleted from the database. 
[2021-12-08 18:49:53 : INFO] - The task with id : 184, and type 'smush' seems to have been deleted from the database. 
[2021-12-08 18:49:53 : INFO] - The task with id : 185, and type 'smush' seems to have been deleted from the database. 
[2021-12-08 18:49:53 : INFO] - The task with id : 186, and type 'smush' seems to have been deleted from the database. 
[2021-12-08 18:49:53 : INFO] - The task with id : 187, and type 'smush' seems to have been deleted from the database. 
[2021-12-08 18:49:53 : INFO] - The task with id : 188, and type 'smush' seems to have been deleted from the database. 
[2021-12-08 18:49:53 : INFO] - The task with id : 189, and type 'smush' seems to have been deleted from the database. 
[2021-12-08 18:49:53 : INFO] - The task with id : 190, and type 'smush' seems to have been deleted from the database. 
[2021-12-08 18:49:53 : INFO] - The task with id : 191, and type 'smush' seems to have been deleted from the database. 
[2021-12-08 18:49:53 : INFO] - The task with id : 192, and type 'smush' seems to have been deleted from the database. 
[2021-12-08 18:49:53 : INFO] - The task with id : 193, and type 'smush' seems to have been deleted from the database. 
[2021-12-08 18:49:53 : INFO] - The task with id : 194, and type 'smush' seems to have been deleted from the database. 
[2021-12-08 18:49:53 : INFO] - The task with id : 195, and type 'smush' seems to have been deleted from the database. 
[2021-12-08 18:49:53 : INFO] - The task with id : 196, and type 'smush' seems to have been deleted from the database. 
[2021-12-08 18:49:53 : INFO] - The task with id : 197, and type 'smush' seems to have been deleted from the database. 
[2021-12-08 18:49:53 : INFO] - The task with id : 198, and type 'smush' seems to have been deleted from the database. 
[2021-12-08 18:49:53 : INFO] - The task with id : 199, and type 'smush' seems to have been deleted from the database. 
[2021-12-08 18:49:53 : INFO] - The task with id : 200, and type 'smush' seems to have been deleted from the database. 
[2021-12-08 18:49:53 : INFO] - The task with id : 201, and type 'smush' seems to have been deleted from the database. 
[2021-12-08 18:49:53 : INFO] - The task with id : 202, and type 'smush' seems to have been deleted from the database. 
[2021-12-08 18:49:53 : INFO] - The task with id : 203, and type 'smush' seems to have been deleted from the database. 
[2021-12-08 18:49:53 : INFO] - The task with id : 204, and type 'smush' seems to have been deleted from the database. 
[2021-12-08 18:49:53 : INFO] - The task with id : 205, and type 'smush' seems to have been deleted from the database. 
[2021-12-08 18:49:53 : INFO] - The task with id : 206, and type 'smush' seems to have been deleted from the database. 
[2021-12-08 18:49:53 : INFO] - The task with id : 207, and type 'smush' seems to have been deleted from the database. 
[2021-12-08 18:49:53 : INFO] - The task with id : 208, and type 'smush' seems to have been deleted from the database. 
[2021-12-08 18:49:53 : INFO] - The task with id : 209, and type 'smush' seems to have been deleted from the database. 
[2021-12-08 18:49:53 : INFO] - The task with id : 210, and type 'smush' seems to have been deleted from the database. 
[2021-12-08 18:49:53 : INFO] - The task with id : 211, and type 'smush' seems to have been deleted from the database. 
[2021-12-08 18:49:53 : INFO] - The task with id : 212, and type 'smush' seems to have been deleted from the database. 
[2021-12-08 18:49:53 : INFO] - The task with id : 213, and type 'smush' seems to have been deleted from the database. 
[2021-12-08 18:49:53 : INFO] - The task with id : 214, and type 'smush' seems to have been deleted from the database. 
[2021-12-08 18:49:53 : INFO] - The task with id : 215, and type 'smush' seems to have been deleted from the database. 
[2021-12-08 18:49:53 : INFO] - The task with id : 216, and type 'smush' seems to have been deleted from the database. 
[2021-12-08 18:49:53 : INFO] - The task with id : 217, and type 'smush' seems to have been deleted from the database. 
[2021-12-08 18:49:53 : INFO] - The task with id : 218, and type 'smush' seems to have been deleted from the database. 
[2021-12-08 18:49:53 : INFO] - The task with id : 219, and type 'smush' seems to have been deleted from the database. 
[2021-12-08 18:49:53 : INFO] - The task with id : 220, and type 'smush' seems to have been deleted from the database. 
[2021-12-08 18:49:53 : INFO] - The task with id : 221, and type 'smush' seems to have been deleted from the database. 
[2021-12-08 18:49:53 : INFO] - The task with id : 222, and type 'smush' seems to have been deleted from the database. 
[2021-12-08 18:49:53 : INFO] - The task with id : 223, and type 'smush' seems to have been deleted from the database. 
[2021-12-08 18:49:53 : INFO] - The task with id : 224, and type 'smush' seems to have been deleted from the database. 
[2021-12-08 18:49:53 : INFO] - The task with id : 225, and type 'smush' seems to have been deleted from the database. 
[2021-12-08 18:49:53 : INFO] - The task with id : 226, and type 'smush' seems to have been deleted from the database. 
[2021-12-08 18:49:53 : INFO] - The task with id : 227, and type 'smush' seems to have been deleted from the database. 
[2021-12-08 18:49:53 : INFO] - The task with id : 228, and type 'smush' seems to have been deleted from the database. 
[2021-12-08 18:49:53 : INFO] - The task with id : 229, and type 'smush' seems to have been deleted from the database. 
[2021-12-08 18:49:53 : INFO] - The task with id : 230, and type 'smush' seems to have been deleted from the database. 
[2021-12-08 18:49:53 : INFO] - The task with id : 231, and type 'smush' seems to have been deleted from the database. 
[2021-12-08 18:49:53 : INFO] - The task with id : 232, and type 'smush' seems to have been deleted from the database. 
[2021-12-08 18:49:53 : INFO] - The task with id : 233, and type 'smush' seems to have been deleted from the database. 
[2021-12-08 18:49:53 : INFO] - The task with id : 234, and type 'smush' seems to have been deleted from the database. 
[2021-12-08 18:49:53 : INFO] - The task with id : 235, and type 'smush' seems to have been deleted from the database. 
[2021-12-08 18:49:53 : INFO] - The task with id : 236, and type 'smush' seems to have been deleted from the database. 
[2021-12-08 18:49:53 : INFO] - The task with id : 237, and type 'smush' seems to have been deleted from the database. 
[2021-12-08 18:49:53 : INFO] - The task with id : 238, and type 'smush' seems to have been deleted from the database. 
[2021-12-08 18:49:53 : INFO] - The task with id : 239, and type 'smush' seems to have been deleted from the database. 
[2021-12-08 18:49:53 : INFO] - The task with id : 240, and type 'smush' seems to have been deleted from the database. 
[2021-12-08 18:49:53 : INFO] - The task with id : 241, and type 'smush' seems to have been deleted from the database. 
[2021-12-08 18:49:53 : INFO] - The task with id : 242, and type 'smush' seems to have been deleted from the database. 
[2021-12-08 18:49:53 : INFO] - The task with id : 243, and type 'smush' seems to have been deleted from the database. 
[2021-12-08 18:49:53 : INFO] - The task with id : 244, and type 'smush' seems to have been deleted from the database. 
[2021-12-08 18:49:53 : INFO] - The task with id : 245, and type 'smush' seems to have been deleted from the database. 
[2021-12-08 18:49:53 : INFO] - The task with id : 246, and type 'smush' seems to have been deleted from the database. 
[2021-12-08 18:49:53 : INFO] - The task with id : 247, and type 'smush' seems to have been deleted from the database. 
[2021-12-08 18:49:53 : INFO] - The task with id : 248, and type 'smush' seems to have been deleted from the database. 
[2021-12-08 18:49:53 : INFO] - The task with id : 249, and type 'smush' seems to have been deleted from the database. 
[2021-12-08 18:49:53 : INFO] - The task with id : 250, and type 'smush' seems to have been deleted from the database. 
[2021-12-08 18:49:53 : INFO] - The task with id : 251, and type 'smush' seems to have been deleted from the database. 
[2021-12-08 18:49:53 : INFO] - The task with id : 252, and type 'smush' seems to have been deleted from the database. 
[2021-12-08 18:49:53 : INFO] - The task with id : 253, and type 'smush' seems to have been deleted from the database. 
[2021-12-08 18:49:53 : INFO] - The task with id : 254, and type 'smush' seems to have been deleted from the database. 
[2021-12-08 18:49:53 : INFO] - The task with id : 255, and type 'smush' seems to have been deleted from the database. 
[2021-12-08 18:49:53 : INFO] - The task with id : 256, and type 'smush' seems to have been deleted from the database. 
[2021-12-08 18:49:53 : INFO] - The task with id : 257, and type 'smush' seems to have been deleted from the database. 
[2021-12-08 18:49:53 : INFO] - The task with id : 258, and type 'smush' seems to have been deleted from the database. 
[2021-12-08 18:49:53 : INFO] - The task with id : 259, and type 'smush' seems to have been deleted from the database. 
[2021-12-08 18:49:53 : INFO] - The task with id : 260, and type 'smush' seems to have been deleted from the database. 
[2021-12-08 18:49:53 : INFO] - The task with id : 261, and type 'smush' seems to have been deleted from the database. 
[2021-12-08 18:49:53 : INFO] - The task with id : 262, and type 'smush' seems to have been deleted from the database. 
[2021-12-08 18:49:53 : INFO] - The task with id : 263, and type 'smush' seems to have been deleted from the database. 
[2021-12-08 18:49:53 : INFO] - The task with id : 264, and type 'smush' seems to have been deleted from the database. 
[2021-12-08 18:49:53 : INFO] - The task with id : 265, and type 'smush' seems to have been deleted from the database. 
[2021-12-08 18:49:53 : INFO] - The task with id : 266, and type 'smush' seems to have been deleted from the database. 
[2021-12-08 18:49:53 : INFO] - The task with id : 267, and type 'smush' seems to have been deleted from the database. 
[2021-12-08 18:49:53 : INFO] - The task with id : 268, and type 'smush' seems to have been deleted from the database. 
[2021-12-08 18:49:53 : INFO] - The task with id : 269, and type 'smush' seems to have been deleted from the database. 
[2021-12-08 18:49:53 : INFO] - The task with id : 270, and type 'smush' seems to have been deleted from the database. 
[2021-12-08 18:49:53 : INFO] - The task with id : 271, and type 'smush' seems to have been deleted from the database. 
[2021-12-08 18:49:53 : INFO] - The task with id : 272, and type 'smush' seems to have been deleted from the database. 
[2021-12-08 18:49:53 : INFO] - The task with id : 273, and type 'smush' seems to have been deleted from the database. 
[2021-12-08 18:49:53 : INFO] - The task with id : 274, and type 'smush' seems to have been deleted from the database. 
[2021-12-08 18:49:53 : INFO] - The task with id : 275, and type 'smush' seems to have been deleted from the database. 
[2021-12-08 18:49:53 : INFO] - The task with id : 276, and type 'smush' seems to have been deleted from the database. 
[2021-12-08 18:49:53 : INFO] - The task with id : 277, and type 'smush' seems to have been deleted from the database. 
[2021-12-08 18:49:53 : INFO] - The task with id : 278, and type 'smush' seems to have been deleted from the database. 
[2021-12-08 18:49:53 : INFO] - The task with id : 279, and type 'smush' seems to have been deleted from the database. 
[2021-12-08 18:49:53 : INFO] - The task with id : 280, and type 'smush' seems to have been deleted from the database. 
[2021-12-08 18:49:53 : INFO] - The task with id : 281, and type 'smush' seems to have been deleted from the database. 
[2021-12-08 18:49:53 : INFO] - The task with id : 282, and type 'smush' seems to have been deleted from the database. 
[2021-12-08 18:49:53 : INFO] - The task with id : 283, and type 'smush' seems to have been deleted from the database. 
[2021-12-08 18:49:53 : INFO] - The task with id : 284, and type 'smush' seems to have been deleted from the database. 
[2021-12-08 18:49:53 : INFO] - The task with id : 285, and type 'smush' seems to have been deleted from the database. 
[2021-12-08 18:49:53 : INFO] - The task with id : 286, and type 'smush' seems to have been deleted from the database. 
[2021-12-08 18:49:53 : INFO] - The task with id : 287, and type 'smush' seems to have been deleted from the database. 
[2021-12-08 18:49:53 : INFO] - The task with id : 288, and type 'smush' seems to have been deleted from the database. 
[2021-12-08 18:49:53 : INFO] - The task with id : 289, and type 'smush' seems to have been deleted from the database. 
[2021-12-08 18:49:53 : INFO] - The task with id : 290, and type 'smush' seems to have been deleted from the database. 
[2021-12-08 18:49:53 : INFO] - The task with id : 291, and type 'smush' seems to have been deleted from the database. 
[2021-12-08 18:49:53 : INFO] - The task with id : 292, and type 'smush' seems to have been deleted from the database. 
[2021-12-08 18:49:53 : INFO] - The task with id : 293, and type 'smush' seems to have been deleted from the database. 
[2021-12-08 18:49:53 : INFO] - The task with id : 294, and type 'smush' seems to have been deleted from the database. 
[2021-12-08 18:49:53 : INFO] - The task with id : 295, and type 'smush' seems to have been deleted from the database. 
[2021-12-08 18:49:53 : INFO] - The task with id : 296, and type 'smush' seems to have been deleted from the database. 
[2021-12-08 18:49:53 : INFO] - The task with id : 297, and type 'smush' seems to have been deleted from the database. 
[2021-12-08 18:49:53 : INFO] - The task with id : 298, and type 'smush' seems to have been deleted from the database. 
[2021-12-08 18:49:53 : INFO] - The task with id : 299, and type 'smush' seems to have been deleted from the database. 
[2021-12-08 18:49:53 : INFO] - The task with id : 300, and type 'smush' seems to have been deleted from the database. 
[2021-12-08 18:49:53 : INFO] - The task with id : 301, and type 'smush' seems to have been deleted from the database. 
[2021-12-08 18:49:53 : INFO] - The task with id : 302, and type 'smush' seems to have been deleted from the database. 
[2021-12-08 18:49:53 : INFO] - The task with id : 303, and type 'smush' seems to have been deleted from the database. 
[2021-12-08 18:49:53 : INFO] - The task with id : 304, and type 'smush' seems to have been deleted from the database. 
[2021-12-08 18:49:53 : INFO] - The task with id : 305, and type 'smush' seems to have been deleted from the database. 
[2021-12-08 18:49:53 : INFO] - The task with id : 306, and type 'smush' seems to have been deleted from the database. 
[2021-12-08 18:49:53 : INFO] - The task with id : 307, and type 'smush' seems to have been deleted from the database. 
[2021-12-08 18:49:53 : INFO] - The task with id : 308, and type 'smush' seems to have been deleted from the database. 
[2021-12-08 18:49:53 : INFO] - The task with id : 309, and type 'smush' seems to have been deleted from the database. 
[2021-12-08 18:49:53 : INFO] - The task with id : 310, and type 'smush' seems to have been deleted from the database. 
[2021-12-08 18:49:53 : INFO] - The task with id : 311, and type 'smush' seems to have been deleted from the database. 
[2021-12-08 18:49:53 : INFO] - The task with id : 312, and type 'smush' seems to have been deleted from the database. 
[2021-12-08 18:49:53 : INFO] - The task with id : 313, and type 'smush' seems to have been deleted from the database. 
[2021-12-08 18:49:53 : INFO] - The task with id : 314, and type 'smush' seems to have been deleted from the database. 
[2021-12-08 18:49:53 : INFO] - The task with id : 315, and type 'smush' seems to have been deleted from the database. 
[2021-12-08 18:49:53 : INFO] - The task with id : 316, and type 'smush' seems to have been deleted from the database. 
[2021-12-08 18:49:53 : INFO] - The task with id : 317, and type 'smush' seems to have been deleted from the database. 
[2021-12-08 18:49:53 : INFO] - The task with id : 318, and type 'smush' seems to have been deleted from the database. 
[2021-12-08 18:49:53 : INFO] - The task with id : 319, and type 'smush' seems to have been deleted from the database. 
[2021-12-08 18:49:53 : INFO] - The task with id : 320, and type 'smush' seems to have been deleted from the database. 
[2021-12-08 18:49:53 : INFO] - The task with id : 321, and type 'smush' seems to have been deleted from the database. 
[2021-12-08 18:49:53 : INFO] - The task with id : 322, and type 'smush' seems to have been deleted from the database. 
[2021-12-08 18:49:53 : INFO] - The task with id : 323, and type 'smush' seems to have been deleted from the database. 
[2021-12-08 18:49:53 : INFO] - The task with id : 324, and type 'smush' seems to have been deleted from the database. 
[2021-12-08 18:49:53 : INFO] - The task with id : 325, and type 'smush' seems to have been deleted from the database. 
[2021-12-08 18:49:53 : INFO] - The task with id : 326, and type 'smush' seems to have been deleted from the database. 
[2021-12-08 18:49:53 : INFO] - The task with id : 327, and type 'smush' seems to have been deleted from the database. 
[2021-12-08 18:49:53 : INFO] - The task with id : 328, and type 'smush' seems to have been deleted from the database. 
[2021-12-08 18:49:53 : INFO] - The task with id : 329, and type 'smush' seems to have been deleted from the database. 
[2021-12-08 18:49:53 : INFO] - The task with id : 330, and type 'smush' seems to have been deleted from the database. 
[2021-12-08 18:49:53 : INFO] - The task with id : 331, and type 'smush' seems to have been deleted from the database. 
[2021-12-08 18:49:53 : INFO] - The task with id : 332, and type 'smush' seems to have been deleted from the database. 
[2021-12-08 18:49:53 : INFO] - The task with id : 333, and type 'smush' seems to have been deleted from the database. 
[2021-12-08 18:49:53 : INFO] - The task with id : 334, and type 'smush' seems to have been deleted from the database. 
[2021-12-08 18:49:53 : INFO] - The task with id : 335, and type 'smush' seems to have been deleted from the database. 
[2021-12-08 18:49:53 : INFO] - The task with id : 336, and type 'smush' seems to have been deleted from the database. 
[2021-12-08 18:49:53 : INFO] - The task with id : 337, and type 'smush' seems to have been deleted from the database. 
[2021-12-08 18:49:53 : INFO] - The task with id : 338, and type 'smush' seems to have been deleted from the database. 
[2021-12-08 18:49:53 : INFO] - The task with id : 339, and type 'smush' seems to have been deleted from the database. 
[2021-12-08 18:49:53 : INFO] - The task with id : 340, and type 'smush' seems to have been deleted from the database. 
[2021-12-08 18:49:53 : INFO] - The task with id : 341, and type 'smush' seems to have been deleted from the database. 
[2021-12-08 18:49:53 : INFO] - The task with id : 342, and type 'smush' seems to have been deleted from the database. 
[2021-12-08 18:49:53 : INFO] - The task with id : 343, and type 'smush' seems to have been deleted from the database. 
[2021-12-08 18:49:53 : INFO] - The task with id : 344, and type 'smush' seems to have been deleted from the database. 
[2021-12-08 18:49:53 : INFO] - The task with id : 345, and type 'smush' seems to have been deleted from the database. 
[2021-12-08 18:49:53 : INFO] - The task with id : 346, and type 'smush' seems to have been deleted from the database. 
[2021-12-08 18:49:53 : INFO] - The task with id : 347, and type 'smush' seems to have been deleted from the database. 
[2021-12-08 18:49:53 : INFO] - The task with id : 348, and type 'smush' seems to have been deleted from the database. 
[2021-12-08 18:49:53 : INFO] - The task with id : 349, and type 'smush' seems to have been deleted from the database. 
[2021-12-08 18:49:53 : INFO] - The task with id : 350, and type 'smush' seems to have been deleted from the database. 
[2021-12-08 18:49:53 : INFO] - The task with id : 351, and type 'smush' seems to have been deleted from the database. 
[2021-12-08 18:49:53 : INFO] - The task with id : 352, and type 'smush' seems to have been deleted from the database. 
[2021-12-08 18:49:53 : INFO] - The task with id : 353, and type 'smush' seems to have been deleted from the database. 
[2021-12-08 18:49:53 : INFO] - The task with id : 354, and type 'smush' seems to have been deleted from the database. 
[2021-12-08 18:49:53 : INFO] - The task with id : 355, and type 'smush' seems to have been deleted from the database. 
[2021-12-08 18:49:53 : INFO] - The task with id : 356, and type 'smush' seems to have been deleted from the database. 
[2021-12-08 18:49:53 : INFO] - The task with id : 357, and type 'smush' seems to have been deleted from the database. 
[2021-12-08 18:49:53 : INFO] - The task with id : 358, and type 'smush' seems to have been deleted from the database. 
[2021-12-08 18:49:53 : INFO] - The task with id : 359, and type 'smush' seems to have been deleted from the database. 
[2021-12-08 18:49:53 : INFO] - The task with id : 360, and type 'smush' seems to have been deleted from the database. 
[2021-12-08 18:49:53 : INFO] - The task with id : 361, and type 'smush' seems to have been deleted from the database. 
[2021-12-08 18:49:53 : INFO] - The task with id : 362, and type 'smush' seems to have been deleted from the database. 
[2021-12-08 18:49:53 : INFO] - The task with id : 363, and type 'smush' seems to have been deleted from the database. 
[2021-12-08 18:49:53 : INFO] - The task with id : 364, and type 'smush' seems to have been deleted from the database. 
[2021-12-08 18:49:53 : INFO] - The task with id : 365, and type 'smush' seems to have been deleted from the database. 
[2021-12-08 18:49:53 : INFO] - The task with id : 366, and type 'smush' seems to have been deleted from the database. 
[2021-12-08 18:49:53 : INFO] - The task with id : 367, and type 'smush' seems to have been deleted from the database. 
[2021-12-08 18:49:53 : INFO] - The task with id : 368, and type 'smush' seems to have been deleted from the database. 
[2021-12-08 18:49:53 : INFO] - The task with id : 369, and type 'smush' seems to have been deleted from the database. 
[2021-12-08 18:49:53 : INFO] - The task with id : 370, and type 'smush' seems to have been deleted from the database. 
[2021-12-08 18:49:53 : INFO] - The task with id : 371, and type 'smush' seems to have been deleted from the database. 
[2021-12-08 18:49:53 : INFO] - The task with id : 372, and type 'smush' seems to have been deleted from the database. 
[2021-12-08 18:49:53 : INFO] - The task with id : 373, and type 'smush' seems to have been deleted from the database. 
[2021-12-08 18:49:53 : INFO] - The task with id : 374, and type 'smush' seems to have been deleted from the database. 
[2021-12-08 18:49:53 : INFO] - The task with id : 375, and type 'smush' seems to have been deleted from the database. 
[2021-12-08 18:49:53 : INFO] - The task with id : 376, and type 'smush' seems to have been deleted from the database. 
[2021-12-08 18:49:53 : INFO] - The task with id : 377, and type 'smush' seems to have been deleted from the database. 
[2021-12-08 18:49:53 : INFO] - The task with id : 378, and type 'smush' seems to have been deleted from the database. 
[2021-12-08 18:49:53 : INFO] - The task with id : 379, and type 'smush' seems to have been deleted from the database. 
[2021-12-08 18:49:53 : INFO] - The task with id : 380, and type 'smush' seems to have been deleted from the database. 
[2021-12-08 18:49:53 : INFO] - The task with id : 381, and type 'smush' seems to have been deleted from the database. 
[2021-12-08 18:49:53 : INFO] - The task with id : 382, and type 'smush' seems to have been deleted from the database. 
[2021-12-08 18:49:53 : INFO] - The task with id : 383, and type 'smush' seems to have been deleted from the database. 
[2021-12-08 18:49:53 : INFO] - The task with id : 384, and type 'smush' seems to have been deleted from the database. 
[2021-12-08 18:49:53 : INFO] - The task with id : 385, and type 'smush' seems to have been deleted from the database. 
[2021-12-08 18:49:53 : INFO] - The task with id : 386, and type 'smush' seems to have been deleted from the database. 
[2021-12-08 18:49:53 : INFO] - The task with id : 387, and type 'smush' seems to have been deleted from the database. 
[2021-12-08 18:49:53 : INFO] - The task with id : 388, and type 'smush' seems to have been deleted from the database. 
[2021-12-08 18:49:53 : INFO] - The task with id : 389, and type 'smush' seems to have been deleted from the database. 
[2021-12-08 18:49:53 : INFO] - The task with id : 390, and type 'smush' seems to have been deleted from the database. 
[2021-12-08 18:49:53 : INFO] - The task with id : 391, and type 'smush' seems to have been deleted from the database. 
[2021-12-08 18:49:53 : INFO] - The task with id : 392, and type 'smush' seems to have been deleted from the database. 
[2021-12-08 18:49:53 : INFO] - The task with id : 393, and type 'smush' seems to have been deleted from the database. 
[2021-12-08 18:49:53 : INFO] - The task with id : 394, and type 'smush' seems to have been deleted from the database. 
[2021-12-08 18:49:53 : INFO] - The task with id : 395, and type 'smush' seems to have been deleted from the database. 
[2021-12-08 18:49:53 : INFO] - The task with id : 396, and type 'smush' seems to have been deleted from the database. 
[2021-12-08 18:49:53 : INFO] - The task with id : 397, and type 'smush' seems to have been deleted from the database. 
[2021-12-08 18:49:53 : INFO] - The task with id : 398, and type 'smush' seems to have been deleted from the database. 
[2021-12-08 18:49:53 : INFO] - The task with id : 399, and type 'smush' seems to have been deleted from the database. 
[2021-12-08 18:49:53 : INFO] - The task with id : 400, and type 'smush' seems to have been deleted from the database. 
[2021-12-08 18:49:53 : INFO] - The task with id : 401, and type 'smush' seems to have been deleted from the database. 
[2021-12-08 18:49:53 : INFO] - The task with id : 402, and type 'smush' seems to have been deleted from the database. 
[2021-12-08 18:49:53 : INFO] - The task with id : 403, and type 'smush' seems to have been deleted from the database. 
[2021-12-08 18:49:53 : INFO] - The task with id : 404, and type 'smush' seems to have been deleted from the database. 
[2021-12-08 18:49:53 : INFO] - The task with id : 405, and type 'smush' seems to have been deleted from the database. 
[2021-12-08 18:49:53 : INFO] - The task with id : 406, and type 'smush' seems to have been deleted from the database. 
[2021-12-08 18:49:53 : INFO] - The task with id : 407, and type 'smush' seems to have been deleted from the database. 
[2021-12-08 18:49:53 : INFO] - The task with id : 408, and type 'smush' seems to have been deleted from the database. 
[2021-12-08 18:49:53 : INFO] - The task with id : 409, and type 'smush' seems to have been deleted from the database. 
[2021-12-08 18:49:53 : INFO] - The task with id : 410, and type 'smush' seems to have been deleted from the database. 
[2021-12-08 18:49:53 : INFO] - The task with id : 411, and type 'smush' seems to have been deleted from the database. 
[2021-12-08 18:49:53 : INFO] - The task with id : 412, and type 'smush' seems to have been deleted from the database. 
[2021-12-08 18:49:53 : INFO] - The task with id : 413, and type 'smush' seems to have been deleted from the database. 
[2021-12-08 18:49:53 : INFO] - The task with id : 414, and type 'smush' seems to have been deleted from the database. 
[2021-12-08 18:49:53 : INFO] - The task with id : 415, and type 'smush' seems to have been deleted from the database. 
[2021-12-08 18:49:53 : INFO] - The task with id : 416, and type 'smush' seems to have been deleted from the database. 
[2021-12-08 18:49:53 : INFO] - The task with id : 417, and type 'smush' seems to have been deleted from the database. 
[2021-12-08 18:49:53 : INFO] - The task with id : 418, and type 'smush' seems to have been deleted from the database. 
[2021-12-08 18:49:53 : INFO] - The task with id : 419, and type 'smush' seems to have been deleted from the database. 
[2021-12-08 18:49:53 : INFO] - The task with id : 420, and type 'smush' seems to have been deleted from the database. 
[2021-12-08 18:49:53 : INFO] - The task with id : 421, and type 'smush' seems to have been deleted from the database. 
[2021-12-08 18:49:53 : INFO] - The task with id : 422, and type 'smush' seems to have been deleted from the database. 
[2021-12-08 18:49:53 : INFO] - The task with id : 423, and type 'smush' seems to have been deleted from the database. 
[2021-12-08 18:49:53 : INFO] - The task with id : 424, and type 'smush' seems to have been deleted from the database. 
[2021-12-08 18:49:53 : INFO] - The task with id : 425, and type 'smush' seems to have been deleted from the database. 
[2021-12-08 18:49:53 : INFO] - The task with id : 426, and type 'smush' seems to have been deleted from the database. 
[2021-12-08 18:49:53 : INFO] - The task with id : 427, and type 'smush' seems to have been deleted from the database. 
[2021-12-08 18:49:53 : INFO] - The task with id : 428, and type 'smush' seems to have been deleted from the database. 
[2021-12-08 18:49:53 : INFO] - The task with id : 429, and type 'smush' seems to have been deleted from the database. 
[2021-12-08 18:49:53 : INFO] - The task with id : 430, and type 'smush' seems to have been deleted from the database. 
[2021-12-08 18:49:53 : INFO] - The task with id : 431, and type 'smush' seems to have been deleted from the database. 
[2021-12-08 18:49:53 : INFO] - The task with id : 432, and type 'smush' seems to have been deleted from the database. 
[2021-12-08 18:49:53 : INFO] - The task with id : 433, and type 'smush' seems to have been deleted from the database. 
[2021-12-08 18:49:53 : INFO] - The task with id : 434, and type 'smush' seems to have been deleted from the database. 
[2021-12-08 18:49:53 : INFO] - The task with id : 435, and type 'smush' seems to have been deleted from the database. 
[2021-12-08 18:49:53 : INFO] - The task with id : 436, and type 'smush' seems to have been deleted from the database. 
[2021-12-08 18:49:53 : INFO] - The task with id : 437, and type 'smush' seems to have been deleted from the database. 
[2021-12-08 18:49:53 : INFO] - The task with id : 438, and type 'smush' seems to have been deleted from the database. 
[2021-12-08 18:49:53 : INFO] - The task with id : 439, and type 'smush' seems to have been deleted from the database. 
[2021-12-08 18:49:53 : INFO] - The task with id : 440, and type 'smush' seems to have been deleted from the database. 
[2021-12-08 18:49:53 : INFO] - The task with id : 441, and type 'smush' seems to have been deleted from the database. 
[2021-12-08 18:49:53 : INFO] - The task with id : 442, and type 'smush' seems to have been deleted from the database. 
[2021-12-08 18:49:53 : INFO] - The task with id : 443, and type 'smush' seems to have been deleted from the database. 
[2021-12-08 18:49:53 : INFO] - The task with id : 444, and type 'smush' seems to have been deleted from the database. 
[2021-12-08 18:49:53 : INFO] - The task with id : 445, and type 'smush' seems to have been deleted from the database. 
[2021-12-08 18:49:53 : INFO] - The task with id : 446, and type 'smush' seems to have been deleted from the database. 
[2021-12-08 18:49:53 : INFO] - The task with id : 447, and type 'smush' seems to have been deleted from the database. 
[2021-12-08 18:49:53 : INFO] - The task with id : 448, and type 'smush' seems to have been deleted from the database. 
[2021-12-08 18:49:53 : INFO] - The task with id : 449, and type 'smush' seems to have been deleted from the database. 
[2021-12-08 18:49:53 : INFO] - The task with id : 450, and type 'smush' seems to have been deleted from the database. 
[2021-12-08 18:49:53 : INFO] - The task with id : 451, and type 'smush' seems to have been deleted from the database. 
[2021-12-08 18:49:53 : INFO] - The task with id : 452, and type 'smush' seems to have been deleted from the database. 
[2021-12-08 18:49:53 : INFO] - The task with id : 453, and type 'smush' seems to have been deleted from the database. 
[2021-12-08 18:49:53 : INFO] - The task with id : 454, and type 'smush' seems to have been deleted from the database. 
[2021-12-08 18:49:53 : INFO] - The task with id : 455, and type 'smush' seems to have been deleted from the database. 
[2021-12-08 18:49:53 : INFO] - The task with id : 456, and type 'smush' seems to have been deleted from the database. 
[2021-12-08 18:49:53 : INFO] - The task with id : 457, and type 'smush' seems to have been deleted from the database. 
[2021-12-08 18:49:53 : INFO] - The task with id : 458, and type 'smush' seems to have been deleted from the database. 
[2021-12-08 18:49:53 : INFO] - The task with id : 459, and type 'smush' seems to have been deleted from the database. 
[2021-12-08 18:49:53 : INFO] - The task with id : 460, and type 'smush' seems to have been deleted from the database. 
[2021-12-08 18:49:53 : INFO] - The task with id : 461, and type 'smush' seems to have been deleted from the database. 
[2021-12-08 18:49:53 : INFO] - The task with id : 462, and type 'smush' seems to have been deleted from the database. 
[2021-12-08 18:49:53 : INFO] - The task with id : 463, and type 'smush' seems to have been deleted from the database. 
[2021-12-08 18:49:53 : INFO] - The task with id : 464, and type 'smush' seems to have been deleted from the database. 
[2021-12-08 18:49:53 : INFO] - The task with id : 465, and type 'smush' seems to have been deleted from the database. 
[2021-12-08 18:49:53 : INFO] - The task with id : 466, and type 'smush' seems to have been deleted from the database. 
[2021-12-08 18:49:53 : INFO] - The task with id : 467, and type 'smush' seems to have been deleted from the database. 
[2021-12-08 18:49:53 : INFO] - The task with id : 468, and type 'smush' seems to have been deleted from the database. 
[2021-12-08 18:49:53 : INFO] - The task with id : 469, and type 'smush' seems to have been deleted from the database. 
[2021-12-08 18:49:53 : INFO] - The task with id : 470, and type 'smush' seems to have been deleted from the database. 
[2021-12-08 18:49:53 : INFO] - The task with id : 471, and type 'smush' seems to have been deleted from the database. 
[2021-12-08 18:49:53 : INFO] - The task with id : 472, and type 'smush' seems to have been deleted from the database. 
[2021-12-08 18:49:53 : INFO] - The task with id : 473, and type 'smush' seems to have been deleted from the database. 
[2021-12-08 18:49:53 : INFO] - The task with id : 474, and type 'smush' seems to have been deleted from the database. 
[2021-12-08 18:49:53 : INFO] - The task with id : 475, and type 'smush' seems to have been deleted from the database. 
[2021-12-08 18:49:53 : INFO] - The task with id : 476, and type 'smush' seems to have been deleted from the database. 
[2021-12-08 18:49:53 : INFO] - The task with id : 477, and type 'smush' seems to have been deleted from the database. 
[2021-12-08 18:49:53 : INFO] - The task with id : 478, and type 'smush' seems to have been deleted from the database. 
[2021-12-08 18:49:53 : INFO] - The task with id : 479, and type 'smush' seems to have been deleted from the database. 
[2021-12-08 18:49:53 : INFO] - The task with id : 480, and type 'smush' seems to have been deleted from the database. 
[2021-12-08 18:49:53 : INFO] - The task with id : 481, and type 'smush' seems to have been deleted from the database. 
[2021-12-08 18:49:53 : INFO] - The task with id : 482, and type 'smush' seems to have been deleted from the database. 
[2021-12-08 18:49:53 : INFO] - The task with id : 483, and type 'smush' seems to have been deleted from the database. 
[2021-12-08 18:49:53 : INFO] - The task with id : 484, and type 'smush' seems to have been deleted from the database. 
[2021-12-08 18:49:53 : INFO] - The task with id : 485, and type 'smush' seems to have been deleted from the database. 
[2021-12-08 18:49:53 : INFO] - The task with id : 486, and type 'smush' seems to have been deleted from the database. 
[2021-12-08 18:49:53 : INFO] - The task with id : 487, and type 'smush' seems to have been deleted from the database. 
[2021-12-08 18:49:53 : INFO] - The task with id : 488, and type 'smush' seems to have been deleted from the database. 
[2021-12-08 18:49:53 : INFO] - The task with id : 489, and type 'smush' seems to have been deleted from the database. 
[2021-12-08 18:49:53 : INFO] - The task with id : 490, and type 'smush' seems to have been deleted from the database. 
[2021-12-08 18:49:53 : INFO] - The task with id : 491, and type 'smush' seems to have been deleted from the database. 
[2021-12-08 18:49:53 : INFO] - The task with id : 492, and type 'smush' seems to have been deleted from the database. 
[2021-12-08 18:49:53 : INFO] - The task with id : 493, and type 'smush' seems to have been deleted from the database. 
[2021-12-08 18:49:53 : INFO] - The task with id : 494, and type 'smush' seems to have been deleted from the database. 
[2021-12-08 18:49:53 : INFO] - The task with id : 495, and type 'smush' seems to have been deleted from the database. 
[2021-12-08 18:49:53 : INFO] - The task with id : 496, and type 'smush' seems to have been deleted from the database. 
[2021-12-08 18:49:53 : INFO] - The task with id : 497, and type 'smush' seems to have been deleted from the database. 
[2021-12-08 18:49:53 : INFO] - The task with id : 498, and type 'smush' seems to have been deleted from the database. 
[2021-12-08 18:49:53 : INFO] - The task with id : 499, and type 'smush' seems to have been deleted from the database. 
[2021-12-08 18:49:53 : INFO] - Lock option (updraft_lock_smush, wp1i_options) released 
[2021-12-08 18:49:53 : INFO] - Successfully processed the queue (smush). 499 tasks were processed out of 499. 
[2021-12-08 18:49:53 : INFO] - Lock option (updraft_lock_smush, wp1i_options) was deleted from the database 
[2021-12-08 18:49:53 : INFO] - Cleaning up tasks of type (smush). A total of 1 tasks will be deleted. 
